Determining if the pthread_create exist failed with the following output:
Change Dir: /home/laukik/Perception-projects/build/CMakeFiles/CMakeTmp

Run Build Command:"/usr/bin/make" "cmTC_85b7f/fast"
/usr/bin/make -f CMakeFiles/cmTC_85b7f.dir/build.make CMakeFiles/cmTC_85b7f.dir/build
make[1]: Entering directory '/home/laukik/Perception-projects/build/CMakeFiles/CMakeTmp'
Building C object CMakeFiles/cmTC_85b7f.dir/CheckSymbolExists.c.o
/usr/bin/cc     -o CMakeFiles/cmTC_85b7f.dir/CheckSymbolExists.c.o   -c /home/laukik/Perception-projects/build/CMakeFiles/CMakeTmp/CheckSymbolExists.c
Linking C executable cmTC_85b7f
/usr/bin/cmake -E cmake_link_script CMakeFiles/cmTC_85b7f.dir/link.txt --verbose=1
/usr/bin/cc       CMakeFiles/cmTC_85b7f.dir/CheckSymbolExists.c.o  -o cmTC_85b7f -rdynamic 
CMakeFiles/cmTC_85b7f.dir/CheckSymbolExists.c.o: In function `main':
CheckSymbolExists.c:(.text+0x16): undefined reference to `pthread_create'
collect2: error: ld returned 1 exit status
CMakeFiles/cmTC_85b7f.dir/build.make:97: recipe for target 'cmTC_85b7f' failed
make[1]: *** [cmTC_85b7f] Error 1
make[1]: Leaving directory '/home/laukik/Perception-projects/build/CMakeFiles/CMakeTmp'
Makefile:126: recipe for target 'cmTC_85b7f/fast' failed
make: *** [cmTC_85b7f/fast] Error 2

File /home/laukik/Perception-projects/build/CMakeFiles/CMakeTmp/CheckSymbolExists.c:
/* */
#include <pthread.h>

int main(int argc, char** argv)
{
  (void)argv;
#ifndef pthread_create
  return ((int*)(&pthread_create))[argc];
#else
  (void)argc;
  return 0;
#endif
}

Determining if the function pthread_create exists in the pthreads failed with the following output:
Change Dir: /home/laukik/Perception-projects/build/CMakeFiles/CMakeTmp

Run Build Command:"/usr/bin/make" "cmTC_757aa/fast"
/usr/bin/make -f CMakeFiles/cmTC_757aa.dir/build.make CMakeFiles/cmTC_757aa.dir/build
make[1]: Entering directory '/home/laukik/Perception-projects/build/CMakeFiles/CMakeTmp'
Building C object CMakeFiles/cmTC_757aa.dir/CheckFunctionExists.c.o
/usr/bin/cc    -DCHECK_FUNCTION_EXISTS=pthread_create   -o CMakeFiles/cmTC_757aa.dir/CheckFunctionExists.c.o   -c /usr/share/cmake-3.5/Modules/CheckFunctionExists.c
Linking C executable cmTC_757aa
/usr/bin/cmake -E cmake_link_script CMakeFiles/cmTC_757aa.dir/link.txt --verbose=1
/usr/bin/cc   -DCHECK_FUNCTION_EXISTS=pthread_create    CMakeFiles/cmTC_757aa.dir/CheckFunctionExists.c.o  -o cmTC_757aa -rdynamic -lpthreads 
/usr/bin/ld: cannot find -lpthreads
collect2: error: ld returned 1 exit status
CMakeFiles/cmTC_757aa.dir/build.make:97: recipe for target 'cmTC_757aa' failed
make[1]: *** [cmTC_757aa] Error 1
make[1]: Leaving directory '/home/laukik/Perception-projects/build/CMakeFiles/CMakeTmp'
Makefile:126: recipe for target 'cmTC_757aa/fast' failed
make: *** [cmTC_757aa/fast] Error 2


